{"/Users/longhchung/Documents/GitHub/SumaZagitalc.github.io/app.js": {"path":"/Users/longhchung/Documents/GitHub/SumaZagitalc.github.io/app.js","statementMap":{"0":{"start":{"line":1,"column":16},"end":{"line":1,"column":34}},"1":{"start":{"line":2,"column":12},"end":{"line":2,"column":21}},"2":{"start":{"line":4,"column":0},"end":{"line":4,"column":34}},"3":{"start":{"line":5,"column":0},"end":{"line":5,"column":24}},"4":{"start":{"line":7,"column":17},"end":{"line":7,"column":39}},"5":{"start":{"line":10,"column":0},"end":{"line":10,"column":52}},"6":{"start":{"line":13,"column":17},"end":{"line":505,"column":1}},"7":{"start":{"line":507,"column":17},"end":{"line":532,"column":1}},"8":{"start":{"line":534,"column":19},"end":{"line":534,"column":46}},"9":{"start":{"line":542,"column":0},"end":{"line":555,"column":3}},"10":{"start":{"line":547,"column":4},"end":{"line":552,"column":5}},"11":{"start":{"line":548,"column":8},"end":{"line":548,"column":86}},"12":{"start":{"line":551,"column":8},"end":{"line":551,"column":28}},"13":{"start":{"line":560,"column":0},"end":{"line":584,"column":3}},"14":{"start":{"line":561,"column":19},"end":{"line":561,"column":35}},"15":{"start":{"line":562,"column":18},"end":{"line":562,"column":20}},"16":{"start":{"line":564,"column":4},"end":{"line":568,"column":5}},"17":{"start":{"line":565,"column":8},"end":{"line":565,"column":88}},"18":{"start":{"line":566,"column":8},"end":{"line":566,"column":14}},"19":{"start":{"line":569,"column":4},"end":{"line":572,"column":5}},"20":{"start":{"line":570,"column":8},"end":{"line":570,"column":85}},"21":{"start":{"line":571,"column":8},"end":{"line":571,"column":14}},"22":{"start":{"line":573,"column":4},"end":{"line":581,"column":5}},"23":{"start":{"line":573,"column":17},"end":{"line":573,"column":18}},"24":{"start":{"line":575,"column":22},"end":{"line":575,"column":33}},"25":{"start":{"line":576,"column":8},"end":{"line":579,"column":9}},"26":{"start":{"line":578,"column":12},"end":{"line":578,"column":34}},"27":{"start":{"line":582,"column":4},"end":{"line":582,"column":21}},"28":{"start":{"line":587,"column":0},"end":{"line":610,"column":3}},"29":{"start":{"line":588,"column":4},"end":{"line":588,"column":27}},"30":{"start":{"line":589,"column":15},"end":{"line":589,"column":27}},"31":{"start":{"line":591,"column":4},"end":{"line":606,"column":5}},"32":{"start":{"line":591,"column":17},"end":{"line":591,"column":18}},"33":{"start":{"line":593,"column":8},"end":{"line":593,"column":33}},"34":{"start":{"line":594,"column":22},"end":{"line":594,"column":33}},"35":{"start":{"line":595,"column":8},"end":{"line":595,"column":31}},"36":{"start":{"line":596,"column":8},"end":{"line":604,"column":9}},"37":{"start":{"line":598,"column":12},"end":{"line":598,"column":47}},"38":{"start":{"line":599,"column":12},"end":{"line":599,"column":29}},"39":{"start":{"line":601,"column":13},"end":{"line":604,"column":9}},"40":{"start":{"line":602,"column":12},"end":{"line":602,"column":78}},"41":{"start":{"line":613,"column":0},"end":{"line":623,"column":3}},"42":{"start":{"line":615,"column":4},"end":{"line":620,"column":5}},"43":{"start":{"line":616,"column":8},"end":{"line":616,"column":91}},"44":{"start":{"line":619,"column":8},"end":{"line":619,"column":27}},"45":{"start":{"line":626,"column":0},"end":{"line":647,"column":3}},"46":{"start":{"line":627,"column":4},"end":{"line":627,"column":27}},"47":{"start":{"line":628,"column":15},"end":{"line":628,"column":27}},"48":{"start":{"line":630,"column":4},"end":{"line":645,"column":5}},"49":{"start":{"line":630,"column":17},"end":{"line":630,"column":18}},"50":{"start":{"line":632,"column":8},"end":{"line":632,"column":33}},"51":{"start":{"line":633,"column":22},"end":{"line":633,"column":33}},"52":{"start":{"line":634,"column":8},"end":{"line":634,"column":31}},"53":{"start":{"line":635,"column":8},"end":{"line":643,"column":9}},"54":{"start":{"line":637,"column":12},"end":{"line":637,"column":61}},"55":{"start":{"line":638,"column":12},"end":{"line":638,"column":29}},"56":{"start":{"line":640,"column":13},"end":{"line":643,"column":9}},"57":{"start":{"line":641,"column":12},"end":{"line":641,"column":78}},"58":{"start":{"line":655,"column":0},"end":{"line":725,"column":3}},"59":{"start":{"line":657,"column":4},"end":{"line":657,"column":31}},"60":{"start":{"line":659,"column":4},"end":{"line":659,"column":41}},"61":{"start":{"line":661,"column":28},"end":{"line":661,"column":52}},"62":{"start":{"line":663,"column":20},"end":{"line":663,"column":36}},"63":{"start":{"line":665,"column":18},"end":{"line":665,"column":32}},"64":{"start":{"line":666,"column":19},"end":{"line":666,"column":31}},"65":{"start":{"line":667,"column":18},"end":{"line":667,"column":32}},"66":{"start":{"line":668,"column":19},"end":{"line":668,"column":30}},"67":{"start":{"line":669,"column":18},"end":{"line":669,"column":32}},"68":{"start":{"line":670,"column":16},"end":{"line":670,"column":28}},"69":{"start":{"line":671,"column":17},"end":{"line":671,"column":30}},"70":{"start":{"line":672,"column":16},"end":{"line":672,"column":28}},"71":{"start":{"line":674,"column":15},"end":{"line":674,"column":27}},"72":{"start":{"line":675,"column":4},"end":{"line":675,"column":41}},"73":{"start":{"line":678,"column":8},"end":{"line":689,"column":9}},"74":{"start":{"line":679,"column":12},"end":{"line":684,"column":9}},"75":{"start":{"line":681,"column":16},"end":{"line":682,"column":9}},"76":{"start":{"line":687,"column":12},"end":{"line":687,"column":37}},"77":{"start":{"line":688,"column":12},"end":{"line":688,"column":18}},"78":{"start":{"line":691,"column":24},"end":{"line":691,"column":25}},"79":{"start":{"line":692,"column":4},"end":{"line":692,"column":21}},"80":{"start":{"line":693,"column":4},"end":{"line":711,"column":5}},"81":{"start":{"line":695,"column":8},"end":{"line":696,"column":72}},"82":{"start":{"line":699,"column":11},"end":{"line":711,"column":5}},"83":{"start":{"line":701,"column":8},"end":{"line":702,"column":37}},"84":{"start":{"line":704,"column":11},"end":{"line":711,"column":5}},"85":{"start":{"line":707,"column":8},"end":{"line":708,"column":37}},"86":{"start":{"line":715,"column":4},"end":{"line":715,"column":52}},"87":{"start":{"line":720,"column":4},"end":{"line":720,"column":35}},"88":{"start":{"line":722,"column":4},"end":{"line":722,"column":44}},"89":{"start":{"line":723,"column":14},"end":{"line":723,"column":41}},"90":{"start":{"line":728,"column":0},"end":{"line":736,"column":3}},"91":{"start":{"line":729,"column":4},"end":{"line":732,"column":5}},"92":{"start":{"line":730,"column":8},"end":{"line":730,"column":36}},"93":{"start":{"line":731,"column":8},"end":{"line":731,"column":14}},"94":{"start":{"line":734,"column":4},"end":{"line":734,"column":25}},"95":{"start":{"line":739,"column":0},"end":{"line":761,"column":3}},"96":{"start":{"line":740,"column":15},"end":{"line":740,"column":27}},"97":{"start":{"line":742,"column":17},"end":{"line":742,"column":25}},"98":{"start":{"line":743,"column":4},"end":{"line":743,"column":38}},"99":{"start":{"line":745,"column":4},"end":{"line":759,"column":5}},"100":{"start":{"line":745,"column":17},"end":{"line":745,"column":18}},"101":{"start":{"line":747,"column":22},"end":{"line":747,"column":33}},"102":{"start":{"line":748,"column":8},"end":{"line":757,"column":9}},"103":{"start":{"line":749,"column":27},"end":{"line":749,"column":43}},"104":{"start":{"line":750,"column":12},"end":{"line":750,"column":31}},"105":{"start":{"line":751,"column":12},"end":{"line":751,"column":34}},"106":{"start":{"line":760,"column":4},"end":{"line":760,"column":18}},"107":{"start":{"line":767,"column":0},"end":{"line":767,"column":21}}},"fnMap":{"0":{"name":"(anonymous_0)","decl":{"start":{"line":542,"column":21},"end":{"line":542,"column":22}},"loc":{"start":{"line":542,"column":42},"end":{"line":555,"column":1}},"line":542},"1":{"name":"(anonymous_1)","decl":{"start":{"line":560,"column":24},"end":{"line":560,"column":25}},"loc":{"start":{"line":560,"column":44},"end":{"line":584,"column":1}},"line":560},"2":{"name":"(anonymous_2)","decl":{"start":{"line":587,"column":23},"end":{"line":587,"column":24}},"loc":{"start":{"line":587,"column":43},"end":{"line":610,"column":1}},"line":587},"3":{"name":"(anonymous_3)","decl":{"start":{"line":613,"column":22},"end":{"line":613,"column":23}},"loc":{"start":{"line":613,"column":42},"end":{"line":623,"column":1}},"line":613},"4":{"name":"(anonymous_4)","decl":{"start":{"line":626,"column":26},"end":{"line":626,"column":27}},"loc":{"start":{"line":626,"column":46},"end":{"line":647,"column":1}},"line":626},"5":{"name":"(anonymous_5)","decl":{"start":{"line":655,"column":21},"end":{"line":655,"column":22}},"loc":{"start":{"line":655,"column":41},"end":{"line":725,"column":1}},"line":655},"6":{"name":"mapauthor","decl":{"start":{"line":677,"column":13},"end":{"line":677,"column":22}},"loc":{"start":{"line":677,"column":32},"end":{"line":690,"column":5}},"line":677},"7":{"name":"(anonymous_7)","decl":{"start":{"line":680,"column":22},"end":{"line":680,"column":23}},"loc":{"start":{"line":680,"column":40},"end":{"line":683,"column":13}},"line":680},"8":{"name":"(anonymous_8)","decl":{"start":{"line":728,"column":27},"end":{"line":728,"column":28}},"loc":{"start":{"line":728,"column":47},"end":{"line":736,"column":1}},"line":728},"9":{"name":"(anonymous_9)","decl":{"start":{"line":739,"column":33},"end":{"line":739,"column":34}},"loc":{"start":{"line":739,"column":53},"end":{"line":761,"column":1}},"line":739}},"branchMap":{"0":{"loc":{"start":{"line":547,"column":4},"end":{"line":552,"column":5}},"type":"if","locations":[{"start":{"line":547,"column":4},"end":{"line":552,"column":5}},{"start":{"line":550,"column":9},"end":{"line":552,"column":5}}],"line":547},"1":{"loc":{"start":{"line":547,"column":8},"end":{"line":547,"column":53}},"type":"binary-expr","locations":[{"start":{"line":547,"column":8},"end":{"line":547,"column":29}},{"start":{"line":547,"column":33},"end":{"line":547,"column":53}}],"line":547},"2":{"loc":{"start":{"line":564,"column":4},"end":{"line":568,"column":5}},"type":"if","locations":[{"start":{"line":564,"column":4},"end":{"line":568,"column":5}},{"start":{},"end":{}}],"line":564},"3":{"loc":{"start":{"line":569,"column":4},"end":{"line":572,"column":5}},"type":"if","locations":[{"start":{"line":569,"column":4},"end":{"line":572,"column":5}},{"start":{},"end":{}}],"line":569},"4":{"loc":{"start":{"line":569,"column":8},"end":{"line":569,"column":53}},"type":"binary-expr","locations":[{"start":{"line":569,"column":8},"end":{"line":569,"column":29}},{"start":{"line":569,"column":33},"end":{"line":569,"column":53}}],"line":569},"5":{"loc":{"start":{"line":576,"column":8},"end":{"line":579,"column":9}},"type":"if","locations":[{"start":{"line":576,"column":8},"end":{"line":579,"column":9}},{"start":{},"end":{}}],"line":576},"6":{"loc":{"start":{"line":596,"column":8},"end":{"line":604,"column":9}},"type":"if","locations":[{"start":{"line":596,"column":8},"end":{"line":604,"column":9}},{"start":{"line":601,"column":13},"end":{"line":604,"column":9}}],"line":596},"7":{"loc":{"start":{"line":601,"column":13},"end":{"line":604,"column":9}},"type":"if","locations":[{"start":{"line":601,"column":13},"end":{"line":604,"column":9}},{"start":{},"end":{}}],"line":601},"8":{"loc":{"start":{"line":615,"column":4},"end":{"line":620,"column":5}},"type":"if","locations":[{"start":{"line":615,"column":4},"end":{"line":620,"column":5}},{"start":{"line":618,"column":9},"end":{"line":620,"column":5}}],"line":615},"9":{"loc":{"start":{"line":615,"column":8},"end":{"line":615,"column":53}},"type":"binary-expr","locations":[{"start":{"line":615,"column":8},"end":{"line":615,"column":29}},{"start":{"line":615,"column":33},"end":{"line":615,"column":53}}],"line":615},"10":{"loc":{"start":{"line":635,"column":8},"end":{"line":643,"column":9}},"type":"if","locations":[{"start":{"line":635,"column":8},"end":{"line":643,"column":9}},{"start":{"line":640,"column":13},"end":{"line":643,"column":9}}],"line":635},"11":{"loc":{"start":{"line":640,"column":13},"end":{"line":643,"column":9}},"type":"if","locations":[{"start":{"line":640,"column":13},"end":{"line":643,"column":9}},{"start":{},"end":{}}],"line":640},"12":{"loc":{"start":{"line":678,"column":8},"end":{"line":689,"column":9}},"type":"if","locations":[{"start":{"line":678,"column":8},"end":{"line":689,"column":9}},{"start":{"line":686,"column":13},"end":{"line":689,"column":9}}],"line":678},"13":{"loc":{"start":{"line":693,"column":4},"end":{"line":711,"column":5}},"type":"if","locations":[{"start":{"line":693,"column":4},"end":{"line":711,"column":5}},{"start":{"line":699,"column":11},"end":{"line":711,"column":5}}],"line":693},"14":{"loc":{"start":{"line":699,"column":11},"end":{"line":711,"column":5}},"type":"if","locations":[{"start":{"line":699,"column":11},"end":{"line":711,"column":5}},{"start":{"line":704,"column":11},"end":{"line":711,"column":5}}],"line":699},"15":{"loc":{"start":{"line":704,"column":11},"end":{"line":711,"column":5}},"type":"if","locations":[{"start":{"line":704,"column":11},"end":{"line":711,"column":5}},{"start":{},"end":{}}],"line":704},"16":{"loc":{"start":{"line":729,"column":4},"end":{"line":732,"column":5}},"type":"if","locations":[{"start":{"line":729,"column":4},"end":{"line":732,"column":5}},{"start":{},"end":{}}],"line":729},"17":{"loc":{"start":{"line":729,"column":8},"end":{"line":729,"column":57}},"type":"binary-expr","locations":[{"start":{"line":729,"column":8},"end":{"line":729,"column":31}},{"start":{"line":729,"column":35},"end":{"line":729,"column":57}}],"line":729},"18":{"loc":{"start":{"line":748,"column":8},"end":{"line":757,"column":9}},"type":"if","locations":[{"start":{"line":748,"column":8},"end":{"line":757,"column":9}},{"start":{},"end":{}}],"line":748}},"s":{"0":1,"1":1,"2":1,"3":1,"4":1,"5":1,"6":1,"7":1,"8":1,"9":1,"10":2,"11":0,"12":2,"13":1,"14":0,"15":0,"16":0,"17":0,"18":0,"19":0,"20":0,"21":0,"22":0,"23":0,"24":0,"25":0,"26":0,"27":0,"28":1,"29":0,"30":0,"31":0,"32":0,"33":0,"34":0,"35":0,"36":0,"37":0,"38":0,"39":0,"40":0,"41":1,"42":0,"43":0,"44":0,"45":1,"46":0,"47":0,"48":0,"49":0,"50":0,"51":0,"52":0,"53":0,"54":0,"55":0,"56":0,"57":0,"58":1,"59":0,"60":0,"61":0,"62":0,"63":0,"64":0,"65":0,"66":0,"67":0,"68":0,"69":0,"70":0,"71":0,"72":0,"73":0,"74":0,"75":0,"76":0,"77":0,"78":0,"79":0,"80":0,"81":0,"82":0,"83":0,"84":0,"85":0,"86":0,"87":0,"88":0,"89":0,"90":1,"91":0,"92":0,"93":0,"94":0,"95":1,"96":0,"97":0,"98":0,"99":0,"100":0,"101":0,"102":0,"103":0,"104":0,"105":0,"106":0,"107":1},"f":{"0":2,"1":0,"2":0,"3":0,"4":0,"5":0,"6":0,"7":0,"8":0,"9":0},"b":{"0":[0,2],"1":[2,2],"2":[0,0],"3":[0,0],"4":[0,0],"5":[0,0],"6":[0,0],"7":[0,0],"8":[0,0],"9":[0,0],"10":[0,0],"11":[0,0],"12":[0,0],"13":[0,0],"14":[0,0],"15":[0,0],"16":[0,0],"17":[0,0],"18":[0,0]},"_coverageSchema":"1a1c01bbd47fc00a2c39e90264f33305004495a9","hash":"5f94140fcaea48a6c9a5bf552b9e4d66bc1895bc"}
}
