TN:
SF:app.js
FN:542,(anonymous_0)
FN:560,(anonymous_1)
FN:587,(anonymous_2)
FN:613,(anonymous_3)
FN:626,(anonymous_4)
FN:655,(anonymous_5)
FN:677,mapauthor
FN:680,(anonymous_7)
FN:728,(anonymous_8)
FN:739,(anonymous_9)
FNF:10
FNH:1
FNDA:2,(anonymous_0)
FNDA:0,(anonymous_1)
FNDA:0,(anonymous_2)
FNDA:0,(anonymous_3)
FNDA:0,(anonymous_4)
FNDA:0,(anonymous_5)
FNDA:0,mapauthor
FNDA:0,(anonymous_7)
FNDA:0,(anonymous_8)
FNDA:0,(anonymous_9)
DA:1,1
DA:2,1
DA:4,1
DA:5,1
DA:7,1
DA:10,1
DA:13,1
DA:507,1
DA:534,1
DA:542,1
DA:547,2
DA:548,0
DA:551,2
DA:560,1
DA:561,0
DA:562,0
DA:564,0
DA:565,0
DA:566,0
DA:569,0
DA:570,0
DA:571,0
DA:573,0
DA:575,0
DA:576,0
DA:578,0
DA:582,0
DA:587,1
DA:588,0
DA:589,0
DA:591,0
DA:593,0
DA:594,0
DA:595,0
DA:596,0
DA:598,0
DA:599,0
DA:601,0
DA:602,0
DA:613,1
DA:615,0
DA:616,0
DA:619,0
DA:626,1
DA:627,0
DA:628,0
DA:630,0
DA:632,0
DA:633,0
DA:634,0
DA:635,0
DA:637,0
DA:638,0
DA:640,0
DA:641,0
DA:655,1
DA:657,0
DA:659,0
DA:661,0
DA:663,0
DA:665,0
DA:666,0
DA:667,0
DA:668,0
DA:669,0
DA:670,0
DA:671,0
DA:672,0
DA:674,0
DA:675,0
DA:678,0
DA:679,0
DA:681,0
DA:687,0
DA:688,0
DA:691,0
DA:692,0
DA:693,0
DA:695,0
DA:699,0
DA:701,0
DA:704,0
DA:707,0
DA:715,0
DA:720,0
DA:722,0
DA:723,0
DA:728,1
DA:729,0
DA:730,0
DA:731,0
DA:734,0
DA:739,1
DA:740,0
DA:742,0
DA:743,0
DA:745,0
DA:747,0
DA:748,0
DA:749,0
DA:750,0
DA:751,0
DA:760,0
DA:767,1
LF:104
LH:20
BRDA:547,0,0,0
BRDA:547,0,1,2
BRDA:547,1,0,2
BRDA:547,1,1,2
BRDA:564,2,0,0
BRDA:564,2,1,0
BRDA:569,3,0,0
BRDA:569,3,1,0
BRDA:569,4,0,0
BRDA:569,4,1,0
BRDA:576,5,0,0
BRDA:576,5,1,0
BRDA:596,6,0,0
BRDA:596,6,1,0
BRDA:601,7,0,0
BRDA:601,7,1,0
BRDA:615,8,0,0
BRDA:615,8,1,0
BRDA:615,9,0,0
BRDA:615,9,1,0
BRDA:635,10,0,0
BRDA:635,10,1,0
BRDA:640,11,0,0
BRDA:640,11,1,0
BRDA:678,12,0,0
BRDA:678,12,1,0
BRDA:693,13,0,0
BRDA:693,13,1,0
BRDA:699,14,0,0
BRDA:699,14,1,0
BRDA:704,15,0,0
BRDA:704,15,1,0
BRDA:729,16,0,0
BRDA:729,16,1,0
BRDA:729,17,0,0
BRDA:729,17,1,0
BRDA:748,18,0,0
BRDA:748,18,1,0
BRF:38
BRH:3
end_of_record
